<?xml version="1.0" encoding="UTF-8"?>
<!-- Generated by org.testng.reporters.JUnitXMLReporter -->
<testsuite ignored="0" hostname="Srinadh6" failures="0" tests="4" name="Login Test Cases" time="60.151" errors="0" timestamp="2026-01-03T17:12:32 IST">
  <testcase classname="com.srinadh.milestone1.tests.LoginTest" name="verifyValidLogin" time="3.402"/>
  <testcase classname="com.srinadh.milestone1.tests.LoginTest" name="verifyInvalidLogin" time="6.336"/>
  <testcase classname="com.srinadh.milestone1.tests.LoginTest" name="verifyPasswordMasking" time="1.409"/>
  <testcase classname="com.srinadh.milestone1.tests.LoginTest" name="loginButtonEnabledTest" time="1.124"/>
</testsuite> <!-- Login Test Cases -->
