<?xml version="1.0" encoding="UTF-8"?>
<!-- Generated by org.testng.reporters.JUnitXMLReporter -->
<testsuite ignored="0" hostname="Srinadh6" failures="0" tests="9" name="Login Test Cases" time="193.888" errors="0" timestamp="2026-01-05T18:35:51 IST">
  <testcase classname="com.srinadh.milestone1.tests.LoginTest" name="verifyValidLogin" time="11.693"/>
  <testcase classname="com.srinadh.milestone1.tests.LoginTest" name="verifyInvalidLogin" time="12.095"/>
  <testcase classname="com.srinadh.milestone1.tests.LoginTest" name="verifyPasswordMasking" time="3.182"/>
  <testcase classname="com.srinadh.milestone1.tests.LoginTest" name="loginButtonEnabledTest" time="4.106"/>
  <testcase classname="com.srinadh.milestone1.tests.LoginTest" name="emptyUsernameAndPasswordTest" time="4.417"/>
  <testcase classname="com.srinadh.milestone1.tests.LoginTest" name="emptyUsernameValidPasswordTest" time="6.246"/>
  <testcase classname="com.srinadh.milestone1.tests.LoginTest" name="validUsernameEmptyPasswordTest" time="3.218"/>
  <testcase classname="com.srinadh.milestone1.tests.LoginTest" name="passwordClearedAfterRefreshTest" time="10.253"/>
  <testcase classname="com.srinadh.milestone1.tests.LoginTest" name="loginPageTitleTest" time="0.009"/>
</testsuite> <!-- Login Test Cases -->
