<?xml version="1.0" encoding="UTF-8"?>
<testng-results ignored="0" total="20" passed="20" failed="0" skipped="0">
  <reporter-output>
  </reporter-output>
  <suite started-at="2026-01-08T18:37:42 IST" name="OrangeHRM Login Automation Suite" finished-at="2026-01-08T18:43:09 IST" duration-ms="326939">
    <groups>
      <group name="valid">
        <method signature="LoginTest.verifyPasswordMasking(java.lang.String,java.lang.String)[pri:3, instance:com.srinadh.milestone1.tests.LoginTest@6302bbb1]" name="verifyPasswordMasking" class="com.srinadh.milestone1.tests.LoginTest"/>
      </group> <!-- valid -->
    </groups>
    <test started-at="2026-01-08T18:37:42 IST" name="Login Test Cases" finished-at="2026-01-08T18:43:09 IST" duration-ms="326939">
      <class name="com.srinadh.milestone1.tests.LoginTest">
        <test-method is-config="true" signature="setUp()[pri:0, instance:com.srinadh.milestone1.tests.LoginTest@6302bbb1]" started-at="2026-01-08T18:37:42 IST" name="setUp" finished-at="2026-01-08T18:38:00 IST" duration-ms="17958" status="PASS">
          <reporter-output>
          </reporter-output>
        </test-method> <!-- setUp -->
        <test-method signature="verifyValidLogin(java.lang.String,java.lang.String)[pri:1, instance:com.srinadh.milestone1.tests.LoginTest@6302bbb1]" started-at="2026-01-08T18:38:00 IST" name="verifyValidLogin" data-provider="validLoginData" finished-at="2026-01-08T18:38:03 IST" duration-ms="3055" status="PASS">
          <params>
            <param index="0">
              <value>
                <![CDATA[Admin]]>
              </value>
            </param>
            <param index="1">
              <value>
                <![CDATA[admin123]]>
              </value>
            </param>
          </params>
          <reporter-output>
          </reporter-output>
        </test-method> <!-- verifyValidLogin -->
        <test-method is-config="true" signature="tearDown()[pri:0, instance:com.srinadh.milestone1.tests.LoginTest@6302bbb1]" started-at="2026-01-08T18:38:03 IST" name="tearDown" finished-at="2026-01-08T18:38:03 IST" duration-ms="752" status="PASS">
          <reporter-output>
          </reporter-output>
        </test-method> <!-- tearDown -->
        <test-method is-config="true" signature="setUp()[pri:0, instance:com.srinadh.milestone1.tests.LoginTest@6302bbb1]" started-at="2026-01-08T18:38:03 IST" name="setUp" finished-at="2026-01-08T18:38:16 IST" duration-ms="12976" status="PASS">
          <reporter-output>
          </reporter-output>
        </test-method> <!-- setUp -->
        <test-method signature="verifyInvalidLogin(java.lang.String,java.lang.String)[pri:2, instance:com.srinadh.milestone1.tests.LoginTest@6302bbb1]" started-at="2026-01-08T18:38:16 IST" name="verifyInvalidLogin" data-provider="invalidLoginData" finished-at="2026-01-08T18:38:21 IST" duration-ms="4614" status="PASS">
          <params>
            <param index="0">
              <value>
                <![CDATA[Admin]]>
              </value>
            </param>
            <param index="1">
              <value>
                <![CDATA[wrongpass]]>
              </value>
            </param>
          </params>
          <reporter-output>
          </reporter-output>
        </test-method> <!-- verifyInvalidLogin -->
        <test-method is-config="true" signature="tearDown()[pri:0, instance:com.srinadh.milestone1.tests.LoginTest@6302bbb1]" started-at="2026-01-08T18:38:21 IST" name="tearDown" finished-at="2026-01-08T18:38:22 IST" duration-ms="572" status="PASS">
          <reporter-output>
          </reporter-output>
        </test-method> <!-- tearDown -->
        <test-method is-config="true" signature="setUp()[pri:0, instance:com.srinadh.milestone1.tests.LoginTest@6302bbb1]" started-at="2026-01-08T18:38:22 IST" name="setUp" finished-at="2026-01-08T18:38:36 IST" duration-ms="14827" status="PASS">
          <reporter-output>
          </reporter-output>
        </test-method> <!-- setUp -->
        <test-method signature="verifyInvalidLogin(java.lang.String,java.lang.String)[pri:2, instance:com.srinadh.milestone1.tests.LoginTest@6302bbb1]" started-at="2026-01-08T18:38:36 IST" name="verifyInvalidLogin" data-provider="invalidLoginData" finished-at="2026-01-08T18:38:44 IST" duration-ms="7739" status="PASS">
          <params>
            <param index="0">
              <value>
                <![CDATA[WrongAdmin]]>
              </value>
            </param>
            <param index="1">
              <value>
                <![CDATA[admin123]]>
              </value>
            </param>
          </params>
          <reporter-output>
          </reporter-output>
        </test-method> <!-- verifyInvalidLogin -->
        <test-method is-config="true" signature="tearDown()[pri:0, instance:com.srinadh.milestone1.tests.LoginTest@6302bbb1]" started-at="2026-01-08T18:38:44 IST" name="tearDown" finished-at="2026-01-08T18:38:45 IST" duration-ms="367" status="PASS">
          <reporter-output>
          </reporter-output>
        </test-method> <!-- tearDown -->
        <test-method is-config="true" signature="setUp()[pri:0, instance:com.srinadh.milestone1.tests.LoginTest@6302bbb1]" started-at="2026-01-08T18:38:45 IST" name="setUp" finished-at="2026-01-08T18:38:47 IST" duration-ms="2882" status="PASS">
          <reporter-output>
          </reporter-output>
        </test-method> <!-- setUp -->
        <test-method signature="verifyInvalidLogin(java.lang.String,java.lang.String)[pri:2, instance:com.srinadh.milestone1.tests.LoginTest@6302bbb1]" started-at="2026-01-08T18:38:47 IST" name="verifyInvalidLogin" data-provider="invalidLoginData" finished-at="2026-01-08T18:39:01 IST" duration-ms="13446" status="PASS">
          <params>
            <param index="0">
              <value>
                <![CDATA[WrongAdmin]]>
              </value>
            </param>
            <param index="1">
              <value>
                <![CDATA[wrongpass]]>
              </value>
            </param>
          </params>
          <reporter-output>
          </reporter-output>
        </test-method> <!-- verifyInvalidLogin -->
        <test-method is-config="true" signature="tearDown()[pri:0, instance:com.srinadh.milestone1.tests.LoginTest@6302bbb1]" started-at="2026-01-08T18:39:01 IST" name="tearDown" finished-at="2026-01-08T18:39:01 IST" duration-ms="532" status="PASS">
          <reporter-output>
          </reporter-output>
        </test-method> <!-- tearDown -->
        <test-method is-config="true" signature="setUp()[pri:0, instance:com.srinadh.milestone1.tests.LoginTest@6302bbb1]" started-at="2026-01-08T18:39:01 IST" name="setUp" finished-at="2026-01-08T18:39:18 IST" duration-ms="16324" status="PASS">
          <reporter-output>
          </reporter-output>
        </test-method> <!-- setUp -->
        <test-method signature="verifyPasswordMasking(java.lang.String,java.lang.String)[pri:3, instance:com.srinadh.milestone1.tests.LoginTest@6302bbb1]" started-at="2026-01-08T18:39:18 IST" name="verifyPasswordMasking" data-provider="invalidLoginData" finished-at="2026-01-08T18:39:21 IST" duration-ms="3573" status="PASS">
          <params>
            <param index="0">
              <value>
                <![CDATA[Admin]]>
              </value>
            </param>
            <param index="1">
              <value>
                <![CDATA[wrongpass]]>
              </value>
            </param>
          </params>
          <reporter-output>
          </reporter-output>
        </test-method> <!-- verifyPasswordMasking -->
        <test-method is-config="true" signature="tearDown()[pri:0, instance:com.srinadh.milestone1.tests.LoginTest@6302bbb1]" started-at="2026-01-08T18:39:21 IST" name="tearDown" finished-at="2026-01-08T18:39:22 IST" duration-ms="729" status="PASS">
          <reporter-output>
          </reporter-output>
        </test-method> <!-- tearDown -->
        <test-method is-config="true" signature="setUp()[pri:0, instance:com.srinadh.milestone1.tests.LoginTest@6302bbb1]" started-at="2026-01-08T18:39:22 IST" name="setUp" finished-at="2026-01-08T18:39:33 IST" duration-ms="10916" status="PASS">
          <reporter-output>
          </reporter-output>
        </test-method> <!-- setUp -->
        <test-method signature="verifyPasswordMasking(java.lang.String,java.lang.String)[pri:3, instance:com.srinadh.milestone1.tests.LoginTest@6302bbb1]" started-at="2026-01-08T18:39:33 IST" name="verifyPasswordMasking" data-provider="invalidLoginData" finished-at="2026-01-08T18:39:35 IST" duration-ms="2457" status="PASS">
          <params>
            <param index="0">
              <value>
                <![CDATA[WrongAdmin]]>
              </value>
            </param>
            <param index="1">
              <value>
                <![CDATA[admin123]]>
              </value>
            </param>
          </params>
          <reporter-output>
          </reporter-output>
        </test-method> <!-- verifyPasswordMasking -->
        <test-method is-config="true" signature="tearDown()[pri:0, instance:com.srinadh.milestone1.tests.LoginTest@6302bbb1]" started-at="2026-01-08T18:39:35 IST" name="tearDown" finished-at="2026-01-08T18:39:38 IST" duration-ms="2163" status="PASS">
          <reporter-output>
          </reporter-output>
        </test-method> <!-- tearDown -->
        <test-method is-config="true" signature="setUp()[pri:0, instance:com.srinadh.milestone1.tests.LoginTest@6302bbb1]" started-at="2026-01-08T18:39:38 IST" name="setUp" finished-at="2026-01-08T18:39:50 IST" duration-ms="11980" status="PASS">
          <reporter-output>
          </reporter-output>
        </test-method> <!-- setUp -->
        <test-method signature="verifyPasswordMasking(java.lang.String,java.lang.String)[pri:3, instance:com.srinadh.milestone1.tests.LoginTest@6302bbb1]" started-at="2026-01-08T18:39:50 IST" name="verifyPasswordMasking" data-provider="invalidLoginData" finished-at="2026-01-08T18:39:51 IST" duration-ms="1372" status="PASS">
          <params>
            <param index="0">
              <value>
                <![CDATA[WrongAdmin]]>
              </value>
            </param>
            <param index="1">
              <value>
                <![CDATA[wrongpass]]>
              </value>
            </param>
          </params>
          <reporter-output>
          </reporter-output>
        </test-method> <!-- verifyPasswordMasking -->
        <test-method is-config="true" signature="tearDown()[pri:0, instance:com.srinadh.milestone1.tests.LoginTest@6302bbb1]" started-at="2026-01-08T18:39:51 IST" name="tearDown" finished-at="2026-01-08T18:39:52 IST" duration-ms="604" status="PASS">
          <reporter-output>
          </reporter-output>
        </test-method> <!-- tearDown -->
        <test-method is-config="true" signature="setUp()[pri:0, instance:com.srinadh.milestone1.tests.LoginTest@6302bbb1]" started-at="2026-01-08T18:39:52 IST" name="setUp" finished-at="2026-01-08T18:40:03 IST" duration-ms="11288" status="PASS">
          <reporter-output>
          </reporter-output>
        </test-method> <!-- setUp -->
        <test-method signature="loginButtonEnabledTest()[pri:4, instance:com.srinadh.milestone1.tests.LoginTest@6302bbb1]" started-at="2026-01-08T18:40:03 IST" name="loginButtonEnabledTest" finished-at="2026-01-08T18:40:04 IST" duration-ms="1264" status="PASS">
          <reporter-output>
          </reporter-output>
        </test-method> <!-- loginButtonEnabledTest -->
        <test-method is-config="true" signature="tearDown()[pri:0, instance:com.srinadh.milestone1.tests.LoginTest@6302bbb1]" started-at="2026-01-08T18:40:04 IST" name="tearDown" finished-at="2026-01-08T18:40:05 IST" duration-ms="620" status="PASS">
          <reporter-output>
          </reporter-output>
        </test-method> <!-- tearDown -->
        <test-method is-config="true" signature="setUp()[pri:0, instance:com.srinadh.milestone1.tests.LoginTest@6302bbb1]" started-at="2026-01-08T18:40:05 IST" name="setUp" finished-at="2026-01-08T18:40:16 IST" duration-ms="10812" status="PASS">
          <reporter-output>
          </reporter-output>
        </test-method> <!-- setUp -->
        <test-method signature="emptyUsernameAndPasswordTest()[pri:5, instance:com.srinadh.milestone1.tests.LoginTest@6302bbb1]" started-at="2026-01-08T18:40:16 IST" name="emptyUsernameAndPasswordTest" finished-at="2026-01-08T18:40:17 IST" duration-ms="1350" status="PASS">
          <reporter-output>
          </reporter-output>
        </test-method> <!-- emptyUsernameAndPasswordTest -->
        <test-method is-config="true" signature="tearDown()[pri:0, instance:com.srinadh.milestone1.tests.LoginTest@6302bbb1]" started-at="2026-01-08T18:40:17 IST" name="tearDown" finished-at="2026-01-08T18:40:17 IST" duration-ms="545" status="PASS">
          <reporter-output>
          </reporter-output>
        </test-method> <!-- tearDown -->
        <test-method is-config="true" signature="setUp()[pri:0, instance:com.srinadh.milestone1.tests.LoginTest@6302bbb1]" started-at="2026-01-08T18:40:17 IST" name="setUp" finished-at="2026-01-08T18:40:31 IST" duration-ms="13650" status="PASS">
          <reporter-output>
          </reporter-output>
        </test-method> <!-- setUp -->
        <test-method signature="emptyUsernameValidPasswordTest(java.lang.String,java.lang.String)[pri:6, instance:com.srinadh.milestone1.tests.LoginTest@6302bbb1]" started-at="2026-01-08T18:40:31 IST" name="emptyUsernameValidPasswordTest" data-provider="invalidLoginData" finished-at="2026-01-08T18:40:33 IST" duration-ms="1501" status="PASS">
          <params>
            <param index="0">
              <value>
                <![CDATA[Admin]]>
              </value>
            </param>
            <param index="1">
              <value>
                <![CDATA[wrongpass]]>
              </value>
            </param>
          </params>
          <reporter-output>
          </reporter-output>
        </test-method> <!-- emptyUsernameValidPasswordTest -->
        <test-method is-config="true" signature="tearDown()[pri:0, instance:com.srinadh.milestone1.tests.LoginTest@6302bbb1]" started-at="2026-01-08T18:40:33 IST" name="tearDown" finished-at="2026-01-08T18:40:33 IST" duration-ms="638" status="PASS">
          <reporter-output>
          </reporter-output>
        </test-method> <!-- tearDown -->
        <test-method is-config="true" signature="setUp()[pri:0, instance:com.srinadh.milestone1.tests.LoginTest@6302bbb1]" started-at="2026-01-08T18:40:33 IST" name="setUp" finished-at="2026-01-08T18:40:45 IST" duration-ms="11933" status="PASS">
          <reporter-output>
          </reporter-output>
        </test-method> <!-- setUp -->
        <test-method signature="emptyUsernameValidPasswordTest(java.lang.String,java.lang.String)[pri:6, instance:com.srinadh.milestone1.tests.LoginTest@6302bbb1]" started-at="2026-01-08T18:40:45 IST" name="emptyUsernameValidPasswordTest" data-provider="invalidLoginData" finished-at="2026-01-08T18:40:47 IST" duration-ms="1637" status="PASS">
          <params>
            <param index="0">
              <value>
                <![CDATA[WrongAdmin]]>
              </value>
            </param>
            <param index="1">
              <value>
                <![CDATA[admin123]]>
              </value>
            </param>
          </params>
          <reporter-output>
          </reporter-output>
        </test-method> <!-- emptyUsernameValidPasswordTest -->
        <test-method is-config="true" signature="tearDown()[pri:0, instance:com.srinadh.milestone1.tests.LoginTest@6302bbb1]" started-at="2026-01-08T18:40:47 IST" name="tearDown" finished-at="2026-01-08T18:40:47 IST" duration-ms="570" status="PASS">
          <reporter-output>
          </reporter-output>
        </test-method> <!-- tearDown -->
        <test-method is-config="true" signature="setUp()[pri:0, instance:com.srinadh.milestone1.tests.LoginTest@6302bbb1]" started-at="2026-01-08T18:40:47 IST" name="setUp" finished-at="2026-01-08T18:41:04 IST" duration-ms="16751" status="PASS">
          <reporter-output>
          </reporter-output>
        </test-method> <!-- setUp -->
        <test-method signature="emptyUsernameValidPasswordTest(java.lang.String,java.lang.String)[pri:6, instance:com.srinadh.milestone1.tests.LoginTest@6302bbb1]" started-at="2026-01-08T18:41:04 IST" name="emptyUsernameValidPasswordTest" data-provider="invalidLoginData" finished-at="2026-01-08T18:41:05 IST" duration-ms="1222" status="PASS">
          <params>
            <param index="0">
              <value>
                <![CDATA[WrongAdmin]]>
              </value>
            </param>
            <param index="1">
              <value>
                <![CDATA[wrongpass]]>
              </value>
            </param>
          </params>
          <reporter-output>
          </reporter-output>
        </test-method> <!-- emptyUsernameValidPasswordTest -->
        <test-method is-config="true" signature="tearDown()[pri:0, instance:com.srinadh.milestone1.tests.LoginTest@6302bbb1]" started-at="2026-01-08T18:41:05 IST" name="tearDown" finished-at="2026-01-08T18:41:06 IST" duration-ms="549" status="PASS">
          <reporter-output>
          </reporter-output>
        </test-method> <!-- tearDown -->
        <test-method is-config="true" signature="setUp()[pri:0, instance:com.srinadh.milestone1.tests.LoginTest@6302bbb1]" started-at="2026-01-08T18:41:06 IST" name="setUp" finished-at="2026-01-08T18:41:18 IST" duration-ms="12613" status="PASS">
          <reporter-output>
          </reporter-output>
        </test-method> <!-- setUp -->
        <test-method signature="validUsernameEmptyPasswordTest(java.lang.String,java.lang.String)[pri:7, instance:com.srinadh.milestone1.tests.LoginTest@6302bbb1]" started-at="2026-01-08T18:41:18 IST" name="validUsernameEmptyPasswordTest" data-provider="validLoginData" finished-at="2026-01-08T18:41:20 IST" duration-ms="1630" status="PASS">
          <params>
            <param index="0">
              <value>
                <![CDATA[Admin]]>
              </value>
            </param>
            <param index="1">
              <value>
                <![CDATA[admin123]]>
              </value>
            </param>
          </params>
          <reporter-output>
          </reporter-output>
        </test-method> <!-- validUsernameEmptyPasswordTest -->
        <test-method is-config="true" signature="tearDown()[pri:0, instance:com.srinadh.milestone1.tests.LoginTest@6302bbb1]" started-at="2026-01-08T18:41:20 IST" name="tearDown" finished-at="2026-01-08T18:41:21 IST" duration-ms="645" status="PASS">
          <reporter-output>
          </reporter-output>
        </test-method> <!-- tearDown -->
        <test-method is-config="true" signature="setUp()[pri:0, instance:com.srinadh.milestone1.tests.LoginTest@6302bbb1]" started-at="2026-01-08T18:41:21 IST" name="setUp" finished-at="2026-01-08T18:41:29 IST" duration-ms="8707" status="PASS">
          <reporter-output>
          </reporter-output>
        </test-method> <!-- setUp -->
        <test-method signature="passwordClearedAfterRefreshTest(java.lang.String,java.lang.String)[pri:8, instance:com.srinadh.milestone1.tests.LoginTest@6302bbb1]" started-at="2026-01-08T18:41:29 IST" name="passwordClearedAfterRefreshTest" data-provider="invalidLoginData" finished-at="2026-01-08T18:41:33 IST" duration-ms="3061" status="PASS">
          <params>
            <param index="0">
              <value>
                <![CDATA[Admin]]>
              </value>
            </param>
            <param index="1">
              <value>
                <![CDATA[wrongpass]]>
              </value>
            </param>
          </params>
          <reporter-output>
          </reporter-output>
        </test-method> <!-- passwordClearedAfterRefreshTest -->
        <test-method is-config="true" signature="tearDown()[pri:0, instance:com.srinadh.milestone1.tests.LoginTest@6302bbb1]" started-at="2026-01-08T18:41:33 IST" name="tearDown" finished-at="2026-01-08T18:41:33 IST" duration-ms="660" status="PASS">
          <reporter-output>
          </reporter-output>
        </test-method> <!-- tearDown -->
        <test-method is-config="true" signature="setUp()[pri:0, instance:com.srinadh.milestone1.tests.LoginTest@6302bbb1]" started-at="2026-01-08T18:41:33 IST" name="setUp" finished-at="2026-01-08T18:41:44 IST" duration-ms="10942" status="PASS">
          <reporter-output>
          </reporter-output>
        </test-method> <!-- setUp -->
        <test-method signature="passwordClearedAfterRefreshTest(java.lang.String,java.lang.String)[pri:8, instance:com.srinadh.milestone1.tests.LoginTest@6302bbb1]" started-at="2026-01-08T18:41:44 IST" name="passwordClearedAfterRefreshTest" data-provider="invalidLoginData" finished-at="2026-01-08T18:41:47 IST" duration-ms="2749" status="PASS">
          <params>
            <param index="0">
              <value>
                <![CDATA[WrongAdmin]]>
              </value>
            </param>
            <param index="1">
              <value>
                <![CDATA[admin123]]>
              </value>
            </param>
          </params>
          <reporter-output>
          </reporter-output>
        </test-method> <!-- passwordClearedAfterRefreshTest -->
        <test-method is-config="true" signature="tearDown()[pri:0, instance:com.srinadh.milestone1.tests.LoginTest@6302bbb1]" started-at="2026-01-08T18:41:47 IST" name="tearDown" finished-at="2026-01-08T18:41:48 IST" duration-ms="617" status="PASS">
          <reporter-output>
          </reporter-output>
        </test-method> <!-- tearDown -->
        <test-method is-config="true" signature="setUp()[pri:0, instance:com.srinadh.milestone1.tests.LoginTest@6302bbb1]" started-at="2026-01-08T18:41:48 IST" name="setUp" finished-at="2026-01-08T18:42:02 IST" duration-ms="14205" status="PASS">
          <reporter-output>
          </reporter-output>
        </test-method> <!-- setUp -->
        <test-method signature="passwordClearedAfterRefreshTest(java.lang.String,java.lang.String)[pri:8, instance:com.srinadh.milestone1.tests.LoginTest@6302bbb1]" started-at="2026-01-08T18:42:02 IST" name="passwordClearedAfterRefreshTest" data-provider="invalidLoginData" finished-at="2026-01-08T18:42:05 IST" duration-ms="3399" status="PASS">
          <params>
            <param index="0">
              <value>
                <![CDATA[WrongAdmin]]>
              </value>
            </param>
            <param index="1">
              <value>
                <![CDATA[wrongpass]]>
              </value>
            </param>
          </params>
          <reporter-output>
          </reporter-output>
        </test-method> <!-- passwordClearedAfterRefreshTest -->
        <test-method is-config="true" signature="tearDown()[pri:0, instance:com.srinadh.milestone1.tests.LoginTest@6302bbb1]" started-at="2026-01-08T18:42:05 IST" name="tearDown" finished-at="2026-01-08T18:42:06 IST" duration-ms="641" status="PASS">
          <reporter-output>
          </reporter-output>
        </test-method> <!-- tearDown -->
        <test-method is-config="true" signature="setUp()[pri:0, instance:com.srinadh.milestone1.tests.LoginTest@6302bbb1]" started-at="2026-01-08T18:42:06 IST" name="setUp" finished-at="2026-01-08T18:42:18 IST" duration-ms="11816" status="PASS">
          <reporter-output>
          </reporter-output>
        </test-method> <!-- setUp -->
        <test-method signature="loginPageTitleTest()[pri:9, instance:com.srinadh.milestone1.tests.LoginTest@6302bbb1]" started-at="2026-01-08T18:42:18 IST" name="loginPageTitleTest" finished-at="2026-01-08T18:42:18 IST" duration-ms="18" status="PASS">
          <reporter-output>
          </reporter-output>
        </test-method> <!-- loginPageTitleTest -->
        <test-method is-config="true" signature="tearDown()[pri:0, instance:com.srinadh.milestone1.tests.LoginTest@6302bbb1]" started-at="2026-01-08T18:42:18 IST" name="tearDown" finished-at="2026-01-08T18:42:18 IST" duration-ms="535" status="PASS">
          <reporter-output>
          </reporter-output>
        </test-method> <!-- tearDown -->
        <test-method is-config="true" signature="setUp()[pri:0, instance:com.srinadh.milestone1.tests.LoginTest@6302bbb1]" started-at="2026-01-08T18:42:18 IST" name="setUp" finished-at="2026-01-08T18:42:21 IST" duration-ms="2835" status="PASS">
          <reporter-output>
          </reporter-output>
        </test-method> <!-- setUp -->
        <test-method signature="invalidUsernameValidPasswordTest(java.lang.String,java.lang.String)[pri:10, instance:com.srinadh.milestone1.tests.LoginTest@6302bbb1]" started-at="2026-01-08T18:42:21 IST" name="invalidUsernameValidPasswordTest" data-provider="invalidLoginData" finished-at="2026-01-08T18:42:34 IST" duration-ms="12793" status="PASS">
          <params>
            <param index="0">
              <value>
                <![CDATA[Admin]]>
              </value>
            </param>
            <param index="1">
              <value>
                <![CDATA[wrongpass]]>
              </value>
            </param>
          </params>
          <reporter-output>
          </reporter-output>
        </test-method> <!-- invalidUsernameValidPasswordTest -->
        <test-method is-config="true" signature="tearDown()[pri:0, instance:com.srinadh.milestone1.tests.LoginTest@6302bbb1]" started-at="2026-01-08T18:42:34 IST" name="tearDown" finished-at="2026-01-08T18:42:34 IST" duration-ms="567" status="PASS">
          <reporter-output>
          </reporter-output>
        </test-method> <!-- tearDown -->
        <test-method is-config="true" signature="setUp()[pri:0, instance:com.srinadh.milestone1.tests.LoginTest@6302bbb1]" started-at="2026-01-08T18:42:34 IST" name="setUp" finished-at="2026-01-08T18:42:37 IST" duration-ms="2885" status="PASS">
          <reporter-output>
          </reporter-output>
        </test-method> <!-- setUp -->
        <test-method signature="invalidUsernameValidPasswordTest(java.lang.String,java.lang.String)[pri:10, instance:com.srinadh.milestone1.tests.LoginTest@6302bbb1]" started-at="2026-01-08T18:42:37 IST" name="invalidUsernameValidPasswordTest" data-provider="invalidLoginData" finished-at="2026-01-08T18:42:49 IST" duration-ms="11934" status="PASS">
          <params>
            <param index="0">
              <value>
                <![CDATA[WrongAdmin]]>
              </value>
            </param>
            <param index="1">
              <value>
                <![CDATA[admin123]]>
              </value>
            </param>
          </params>
          <reporter-output>
          </reporter-output>
        </test-method> <!-- invalidUsernameValidPasswordTest -->
        <test-method is-config="true" signature="tearDown()[pri:0, instance:com.srinadh.milestone1.tests.LoginTest@6302bbb1]" started-at="2026-01-08T18:42:49 IST" name="tearDown" finished-at="2026-01-08T18:42:50 IST" duration-ms="502" status="PASS">
          <reporter-output>
          </reporter-output>
        </test-method> <!-- tearDown -->
        <test-method is-config="true" signature="setUp()[pri:0, instance:com.srinadh.milestone1.tests.LoginTest@6302bbb1]" started-at="2026-01-08T18:42:50 IST" name="setUp" finished-at="2026-01-08T18:43:02 IST" duration-ms="12271" status="PASS">
          <reporter-output>
          </reporter-output>
        </test-method> <!-- setUp -->
        <test-method signature="invalidUsernameValidPasswordTest(java.lang.String,java.lang.String)[pri:10, instance:com.srinadh.milestone1.tests.LoginTest@6302bbb1]" started-at="2026-01-08T18:43:02 IST" name="invalidUsernameValidPasswordTest" data-provider="invalidLoginData" finished-at="2026-01-08T18:43:07 IST" duration-ms="5180" status="PASS">
          <params>
            <param index="0">
              <value>
                <![CDATA[WrongAdmin]]>
              </value>
            </param>
            <param index="1">
              <value>
                <![CDATA[wrongpass]]>
              </value>
            </param>
          </params>
          <reporter-output>
          </reporter-output>
        </test-method> <!-- invalidUsernameValidPasswordTest -->
        <test-method is-config="true" signature="tearDown()[pri:0, instance:com.srinadh.milestone1.tests.LoginTest@6302bbb1]" started-at="2026-01-08T18:43:07 IST" name="tearDown" finished-at="2026-01-08T18:43:09 IST" duration-ms="1395" status="PASS">
          <reporter-output>
          </reporter-output>
        </test-method> <!-- tearDown -->
      </class> <!-- com.srinadh.milestone1.tests.LoginTest -->
    </test> <!-- Login Test Cases -->
  </suite> <!-- OrangeHRM Login Automation Suite -->
</testng-results>
