<?xml version="1.0" encoding="UTF-8"?>
<testng-results ignored="0" total="4" passed="4" failed="0" skipped="0">
  <reporter-output>
  </reporter-output>
  <suite started-at="2026-01-03T17:11:32 IST" name="OrangeHRM Login Automation Suite" finished-at="2026-01-03T17:12:32 IST" duration-ms="60151">
    <groups>
    </groups>
    <test started-at="2026-01-03T17:11:32 IST" name="Login Test Cases" finished-at="2026-01-03T17:12:32 IST" duration-ms="60151">
      <class name="com.srinadh.milestone1.tests.LoginTest">
        <test-method is-config="true" signature="setUp()[pri:0, instance:com.srinadh.milestone1.tests.LoginTest@145f66e3]" started-at="2026-01-03T17:11:32 IST" name="setUp" finished-at="2026-01-03T17:11:46 IST" duration-ms="13835" status="PASS">
          <reporter-output>
          </reporter-output>
        </test-method> <!-- setUp -->
        <test-method signature="verifyValidLogin()[pri:1, instance:com.srinadh.milestone1.tests.LoginTest@145f66e3]" started-at="2026-01-03T17:11:46 IST" name="verifyValidLogin" finished-at="2026-01-03T17:11:49 IST" duration-ms="3402" status="PASS">
          <reporter-output>
          </reporter-output>
        </test-method> <!-- verifyValidLogin -->
        <test-method is-config="true" signature="tearDown()[pri:0, instance:com.srinadh.milestone1.tests.LoginTest@145f66e3]" started-at="2026-01-03T17:11:49 IST" name="tearDown" finished-at="2026-01-03T17:11:50 IST" duration-ms="536" status="PASS">
          <reporter-output>
          </reporter-output>
        </test-method> <!-- tearDown -->
        <test-method is-config="true" signature="setUp()[pri:0, instance:com.srinadh.milestone1.tests.LoginTest@145f66e3]" started-at="2026-01-03T17:11:50 IST" name="setUp" finished-at="2026-01-03T17:12:00 IST" duration-ms="9705" status="PASS">
          <reporter-output>
          </reporter-output>
        </test-method> <!-- setUp -->
        <test-method signature="verifyInvalidLogin()[pri:2, instance:com.srinadh.milestone1.tests.LoginTest@145f66e3]" started-at="2026-01-03T17:12:00 IST" name="verifyInvalidLogin" finished-at="2026-01-03T17:12:06 IST" duration-ms="6336" status="PASS">
          <reporter-output>
          </reporter-output>
        </test-method> <!-- verifyInvalidLogin -->
        <test-method is-config="true" signature="tearDown()[pri:0, instance:com.srinadh.milestone1.tests.LoginTest@145f66e3]" started-at="2026-01-03T17:12:06 IST" name="tearDown" finished-at="2026-01-03T17:12:07 IST" duration-ms="620" status="PASS">
          <reporter-output>
          </reporter-output>
        </test-method> <!-- tearDown -->
        <test-method is-config="true" signature="setUp()[pri:0, instance:com.srinadh.milestone1.tests.LoginTest@145f66e3]" started-at="2026-01-03T17:12:07 IST" name="setUp" finished-at="2026-01-03T17:12:19 IST" duration-ms="12594" status="PASS">
          <reporter-output>
          </reporter-output>
        </test-method> <!-- setUp -->
        <test-method signature="verifyPasswordMasking()[pri:3, instance:com.srinadh.milestone1.tests.LoginTest@145f66e3]" started-at="2026-01-03T17:12:19 IST" name="verifyPasswordMasking" finished-at="2026-01-03T17:12:21 IST" duration-ms="1409" status="PASS">
          <reporter-output>
          </reporter-output>
        </test-method> <!-- verifyPasswordMasking -->
        <test-method is-config="true" signature="tearDown()[pri:0, instance:com.srinadh.milestone1.tests.LoginTest@145f66e3]" started-at="2026-01-03T17:12:21 IST" name="tearDown" finished-at="2026-01-03T17:12:21 IST" duration-ms="549" status="PASS">
          <reporter-output>
          </reporter-output>
        </test-method> <!-- tearDown -->
        <test-method is-config="true" signature="setUp()[pri:0, instance:com.srinadh.milestone1.tests.LoginTest@145f66e3]" started-at="2026-01-03T17:12:21 IST" name="setUp" finished-at="2026-01-03T17:12:31 IST" duration-ms="9334" status="PASS">
          <reporter-output>
          </reporter-output>
        </test-method> <!-- setUp -->
        <test-method signature="loginButtonEnabledTest()[pri:4, instance:com.srinadh.milestone1.tests.LoginTest@145f66e3]" started-at="2026-01-03T17:12:31 IST" name="loginButtonEnabledTest" finished-at="2026-01-03T17:12:32 IST" duration-ms="1124" status="PASS">
          <reporter-output>
          </reporter-output>
        </test-method> <!-- loginButtonEnabledTest -->
        <test-method is-config="true" signature="tearDown()[pri:0, instance:com.srinadh.milestone1.tests.LoginTest@145f66e3]" started-at="2026-01-03T17:12:32 IST" name="tearDown" finished-at="2026-01-03T17:12:32 IST" duration-ms="631" status="PASS">
          <reporter-output>
          </reporter-output>
        </test-method> <!-- tearDown -->
      </class> <!-- com.srinadh.milestone1.tests.LoginTest -->
    </test> <!-- Login Test Cases -->
  </suite> <!-- OrangeHRM Login Automation Suite -->
</testng-results>
