<?xml version="1.0" encoding="UTF-8"?>
<!-- Generated by org.testng.reporters.JUnitReportReporter -->
<testsuite hostname="Srinadh6" failures="0" tests="9" name="com.srinadh.milestone1.tests.LoginTest" time="193.831" errors="0" timestamp="2026-01-05T18:35:51 IST" skipped="0">
  <testcase classname="com.srinadh.milestone1.tests.LoginTest" name="verifyValidLogin" time="28.388"/>
  <testcase classname="com.srinadh.milestone1.tests.LoginTest" name="verifyInvalidLogin" time="27.410"/>
  <testcase classname="com.srinadh.milestone1.tests.LoginTest" name="verifyPasswordMasking" time="22.311"/>
  <testcase classname="com.srinadh.milestone1.tests.LoginTest" name="loginButtonEnabledTest" time="15.606"/>
  <testcase classname="com.srinadh.milestone1.tests.LoginTest" name="emptyUsernameAndPasswordTest" time="17.680"/>
  <testcase classname="com.srinadh.milestone1.tests.LoginTest" name="emptyUsernameValidPasswordTest" time="18.626"/>
  <testcase classname="com.srinadh.milestone1.tests.LoginTest" name="validUsernameEmptyPasswordTest" time="20.222"/>
  <testcase classname="com.srinadh.milestone1.tests.LoginTest" name="passwordClearedAfterRefreshTest" time="28.200"/>
  <testcase classname="com.srinadh.milestone1.tests.LoginTest" name="loginPageTitleTest" time="15.388"/>
</testsuite> <!-- com.srinadh.milestone1.tests.LoginTest -->
