<?xml version="1.0" encoding="UTF-8"?>
<!-- Generated by org.testng.reporters.JUnitReportReporter -->
<testsuite hostname="Srinadh6" failures="0" tests="20" name="com.srinadh.milestone1.tests.LoginTest" time="326.768" errors="0" timestamp="2026-01-08T18:43:09 IST" skipped="0">
  <testcase classname="com.srinadh.milestone1.tests.LoginTest" name="verifyValidLogin" time="15.787"/>
  <testcase classname="com.srinadh.milestone1.tests.LoginTest" name="verifyInvalidLogin" time="17.079"/>
  <testcase classname="com.srinadh.milestone1.tests.LoginTest" name="verifyInvalidLogin" time="27.463"/>
  <testcase classname="com.srinadh.milestone1.tests.LoginTest" name="verifyInvalidLogin" time="11.228"/>
  <testcase classname="com.srinadh.milestone1.tests.LoginTest" name="verifyPasswordMasking" time="13.917"/>
  <testcase classname="com.srinadh.milestone1.tests.LoginTest" name="verifyPasswordMasking" time="16.393"/>
  <testcase classname="com.srinadh.milestone1.tests.LoginTest" name="verifyPasswordMasking" time="17.207"/>
  <testcase classname="com.srinadh.milestone1.tests.LoginTest" name="loginButtonEnabledTest" time="14.343"/>
  <testcase classname="com.srinadh.milestone1.tests.LoginTest" name="emptyUsernameAndPasswordTest" time="12.909"/>
  <testcase classname="com.srinadh.milestone1.tests.LoginTest" name="emptyUsernameValidPasswordTest" time="12.601"/>
  <testcase classname="com.srinadh.milestone1.tests.LoginTest" name="emptyUsernameValidPasswordTest" time="18.485"/>
  <testcase classname="com.srinadh.milestone1.tests.LoginTest" name="emptyUsernameValidPasswordTest" time="20.215"/>
  <testcase classname="com.srinadh.milestone1.tests.LoginTest" name="validUsernameEmptyPasswordTest" time="15.247"/>
  <testcase classname="com.srinadh.milestone1.tests.LoginTest" name="passwordClearedAfterRefreshTest" time="6.515"/>
  <testcase classname="com.srinadh.milestone1.tests.LoginTest" name="passwordClearedAfterRefreshTest" time="14.572"/>
  <testcase classname="com.srinadh.milestone1.tests.LoginTest" name="passwordClearedAfterRefreshTest" time="21.545"/>
  <testcase classname="com.srinadh.milestone1.tests.LoginTest" name="loginPageTitleTest" time="13.276"/>
  <testcase classname="com.srinadh.milestone1.tests.LoginTest" name="invalidUsernameValidPasswordTest" time="22.070"/>
  <testcase classname="com.srinadh.milestone1.tests.LoginTest" name="invalidUsernameValidPasswordTest" time="20.645"/>
  <testcase classname="com.srinadh.milestone1.tests.LoginTest" name="invalidUsernameValidPasswordTest" time="15.271"/>
</testsuite> <!-- com.srinadh.milestone1.tests.LoginTest -->
